<?xml version="1.0" encoding="UTF-8"?>
<!-- Generated by org.testng.reporters.JUnitXMLReporter -->
<testsuite ignored="0" hostname="DESKTOP-J5F87PD" failures="0" tests="3" name="Chrome Test" time="10.487" errors="0" timestamp="28 Apr 2019 02:55:49 GMT">
  <testcase classname="demo.CBT" name="titleVerification" time="0.033"/>
  <testcase classname="demo.CBT" name="errorMsgVerification" time="1.515"/>
  <testcase classname="demo.CBT" name="verifyLoginButtonVisibility" time="0.038"/>
</testsuite> <!-- Chrome Test -->
